<?xml version="1.0" encoding="UTF-8"?>
<coverage generated="1643274890234" clover="3.2.0">
  <project timestamp="1643274890234" name="All files">
    <metrics statements="19" coveredstatements="18" conditionals="4" coveredconditionals="3" methods="7" coveredmethods="6" elements="30" coveredelements="27" complexity="0" loc="19" ncloc="19" packages="1" files="2" classes="2"/>
    <file name="add-remove-localstorage.js" path="D:\CODING\To-do-list-app\src\js\add-remove-localstorage.js">
      <metrics statements="15" coveredstatements="14" conditionals="2" coveredconditionals="2" methods="6" coveredmethods="5"/>
      <line num="6" count="5" type="cond" truecount="2" falsecount="0"/>
      <line num="7" count="1" type="stmt"/>
      <line num="9" count="4" type="stmt"/>
      <line num="11" count="5" type="stmt"/>
      <line num="15" count="2" type="stmt"/>
      <line num="16" count="2" type="stmt"/>
      <line num="17" count="2" type="stmt"/>
      <line num="21" count="1" type="stmt"/>
      <line num="22" count="2" type="stmt"/>
      <line num="24" count="1" type="stmt"/>
      <line num="25" count="0" type="stmt"/>
      <line num="27" count="1" type="stmt"/>
      <line num="33" count="4" type="stmt"/>
      <line num="34" count="4" type="stmt"/>
      <line num="35" count="4" type="stmt"/>
    </file>
    <file name="create-list.js" path="D:\CODING\To-do-list-app\src\js\create-list.js">
      <metrics statements="4" coveredstatements="4" conditionals="2" coveredconditionals="1" methods="1" coveredmethods="1"/>
      <line num="4" count="2" type="stmt"/>
      <line num="5" count="2" type="stmt"/>
      <line num="6" count="2" type="stmt"/>
      <line num="11" count="2" type="stmt"/>
    </file>
  </project>
</coverage>
