{"C:\\Users\\User\\Downloads\\To-do-list-app\\src\\js\\UI-remove-task.js": {"path":"C:\\Users\\User\\Downloads\\To-do-list-app\\src\\js\\UI-remove-task.js","statementMap":{"0":{"start":{"line":3,"column":4},"end":{"line":3,"column":64}},"1":{"start":{"line":7,"column":4},"end":{"line":7,"column":25}}},"fnMap":{"0":{"name":"(anonymous_0)","decl":{"start":{"line":2,"column":2},"end":{"line":2,"column":3}},"loc":{"start":{"line":2,"column":27},"end":{"line":4,"column":3}},"line":2},"1":{"name":"(anonymous_1)","decl":{"start":{"line":6,"column":2},"end":{"line":6,"column":3}},"loc":{"start":{"line":6,"column":21},"end":{"line":8,"column":3}},"line":6}},"branchMap":{},"s":{"0":1,"1":0},"f":{"0":1,"1":0},"b":{},"_coverageSchema":"1a1c01bbd47fc00a2c39e90264f33305004495a9","hash":"1848352a6b073cb5ce7db9d5668821f0059aa826"}
,"C:\\Users\\User\\Downloads\\To-do-list-app\\src\\js\\add-remove-localstorage.js": {"path":"C:\\Users\\User\\Downloads\\To-do-list-app\\src\\js\\add-remove-localstorage.js","statementMap":{"0":{"start":{"line":6,"column":4},"end":{"line":10,"column":5}},"1":{"start":{"line":7,"column":6},"end":{"line":7,"column":22}},"2":{"start":{"line":9,"column":6},"end":{"line":9,"column":66}},"3":{"start":{"line":11,"column":4},"end":{"line":11,"column":22}},"4":{"start":{"line":15,"column":23},"end":{"line":15,"column":58}},"5":{"start":{"line":16,"column":4},"end":{"line":16,"column":30}},"6":{"start":{"line":17,"column":4},"end":{"line":17,"column":67}},"7":{"start":{"line":21,"column":23},"end":{"line":21,"column":58}},"8":{"start":{"line":22,"column":26},"end":{"line":22,"column":91}},"9":{"start":{"line":22,"column":56},"end":{"line":22,"column":90}},"10":{"start":{"line":24,"column":4},"end":{"line":26,"column":7}},"11":{"start":{"line":25,"column":6},"end":{"line":25,"column":30}},"12":{"start":{"line":27,"column":4},"end":{"line":27,"column":70}},"13":{"start":{"line":33,"column":4},"end":{"line":33,"column":23}},"14":{"start":{"line":34,"column":4},"end":{"line":34,"column":35}},"15":{"start":{"line":35,"column":4},"end":{"line":35,"column":29}}},"fnMap":{"0":{"name":"(anonymous_0)","decl":{"start":{"line":4,"column":2},"end":{"line":4,"column":3}},"loc":{"start":{"line":4,"column":27},"end":{"line":12,"column":3}},"line":4},"1":{"name":"(anonymous_1)","decl":{"start":{"line":14,"column":2},"end":{"line":14,"column":3}},"loc":{"start":{"line":14,"column":33},"end":{"line":18,"column":3}},"line":14},"2":{"name":"(anonymous_2)","decl":{"start":{"line":20,"column":2},"end":{"line":20,"column":3}},"loc":{"start":{"line":20,"column":41},"end":{"line":28,"column":3}},"line":20},"3":{"name":"(anonymous_3)","decl":{"start":{"line":22,"column":44},"end":{"line":22,"column":45}},"loc":{"start":{"line":22,"column":56},"end":{"line":22,"column":90}},"line":22},"4":{"name":"(anonymous_4)","decl":{"start":{"line":24,"column":26},"end":{"line":24,"column":27}},"loc":{"start":{"line":24,"column":44},"end":{"line":26,"column":5}},"line":24},"5":{"name":"(anonymous_5)","decl":{"start":{"line":32,"column":2},"end":{"line":32,"column":3}},"loc":{"start":{"line":32,"column":44},"end":{"line":36,"column":3}},"line":32}},"branchMap":{"0":{"loc":{"start":{"line":6,"column":4},"end":{"line":10,"column":5}},"type":"if","locations":[{"start":{"line":6,"column":4},"end":{"line":10,"column":5}},{"start":{"line":8,"column":11},"end":{"line":10,"column":5}}],"line":6}},"s":{"0":5,"1":1,"2":4,"3":5,"4":2,"5":2,"6":2,"7":1,"8":1,"9":2,"10":1,"11":0,"12":1,"13":6,"14":6,"15":6},"f":{"0":5,"1":2,"2":1,"3":2,"4":0,"5":6},"b":{"0":[1,4]},"_coverageSchema":"1a1c01bbd47fc00a2c39e90264f33305004495a9","hash":"84974533ecef10b6bbd413f412076f96df1149f5"}
,"C:\\Users\\User\\Downloads\\To-do-list-app\\src\\js\\create-list.js": {"path":"C:\\Users\\User\\Downloads\\To-do-list-app\\src\\js\\create-list.js","statementMap":{"0":{"start":{"line":4,"column":21},"end":{"line":4,"column":57}},"1":{"start":{"line":5,"column":19},"end":{"line":5,"column":47}},"2":{"start":{"line":6,"column":6},"end":{"line":10,"column":12}},"3":{"start":{"line":11,"column":6},"end":{"line":11,"column":29}}},"fnMap":{"0":{"name":"(anonymous_0)","decl":{"start":{"line":3,"column":4},"end":{"line":3,"column":5}},"loc":{"start":{"line":3,"column":26},"end":{"line":12,"column":5}},"line":3}},"branchMap":{"0":{"loc":{"start":{"line":7,"column":13},"end":{"line":7,"column":46}},"type":"cond-expr","locations":[{"start":{"line":7,"column":31},"end":{"line":7,"column":40}},{"start":{"line":7,"column":43},"end":{"line":7,"column":46}}],"line":7}},"s":{"0":4,"1":4,"2":4,"3":4},"f":{"0":4},"b":{"0":[0,4]},"_coverageSchema":"1a1c01bbd47fc00a2c39e90264f33305004495a9","hash":"fbc9b90479415c76d1685581888588efd743860a"}
}
